2019-04-26 23:20:20 [scrapy.extensions.telnet] INFO: Telnet Password: e2cc50e5dc7a413d
2019-04-26 23:20:20 [scrapy.middleware] INFO: Enabled extensions:
['scrapy.extensions.corestats.CoreStats',
 'scrapy.extensions.telnet.TelnetConsole',
 'scrapy.extensions.feedexport.FeedExporter',
 'scrapy.extensions.logstats.LogStats',
 'scrapy.extensions.spiderstate.SpiderState']
2019-04-26 23:20:21 [scrapy.middleware] INFO: Enabled downloader middlewares:
['scrapy.downloadermiddlewares.httpauth.HttpAuthMiddleware',
 'scrapy.downloadermiddlewares.downloadtimeout.DownloadTimeoutMiddleware',
 'scrapy.downloadermiddlewares.defaultheaders.DefaultHeadersMiddleware',
 'scrapy.downloadermiddlewares.useragent.UserAgentMiddleware',
 'scrapy.downloadermiddlewares.retry.RetryMiddleware',
 'scrapy.downloadermiddlewares.redirect.MetaRefreshMiddleware',
 'scrapy.downloadermiddlewares.httpcompression.HttpCompressionMiddleware',
 'scrapy.downloadermiddlewares.redirect.RedirectMiddleware',
 'scrapy.downloadermiddlewares.cookies.CookiesMiddleware',
 'scrapy.downloadermiddlewares.httpproxy.HttpProxyMiddleware',
 'scrapy.downloadermiddlewares.stats.DownloaderStats']
2019-04-26 23:20:21 [scrapy.middleware] INFO: Enabled spider middlewares:
['scrapy.spidermiddlewares.httperror.HttpErrorMiddleware',
 'scrapy.spidermiddlewares.offsite.OffsiteMiddleware',
 'scrapy.spidermiddlewares.referer.RefererMiddleware',
 'scrapy.spidermiddlewares.urllength.UrlLengthMiddleware',
 'scrapy.spidermiddlewares.depth.DepthMiddleware']
2019-04-26 23:20:21 [scrapy.middleware] INFO: Enabled item pipelines:
['Regiao_Norte.pipelines.RegiaoNortePipeline']
2019-04-26 23:20:21 [scrapy.core.engine] INFO: Spider opened
2019-04-26 23:20:21 [scrapy.extensions.logstats] INFO: Crawled 0 pages (at 0 pages/min), scraped 0 items (at 0 items/min)
2019-04-26 23:20:21 [py.warnings] WARNING: c:\users\nalberthy\appdata\local\programs\python\python37-32\lib\site-packages\scrapy\spidermiddlewares\offsite.py:61: URLWarning: allowed_domains accepts only domains, not URLs. Ignoring URL entry http://riu.ufam.edu.br/simple-search?location=&query=saude+mental&rpp=1056&sort_by=score&order=DESC&etal=0&submit_search=Atualizar in allowed_domains.
  warnings.warn(message, URLWarning)

2019-04-26 23:20:21 [scrapy.extensions.telnet] INFO: Telnet console listening on 127.0.0.1:6023
2019-04-26 23:20:25 [scrapy.core.engine] DEBUG: Crawled (200) <GET http://riu.ufam.edu.br/simple-search?location=&query=saude+mental&rpp=1056&sort_by=score&order=DESC&etal=0&submit_search=Atualizar/> (referer: None)
2019-04-26 23:20:25 [scrapy.core.scraper] ERROR: Spider error processing <GET http://riu.ufam.edu.br/simple-search?location=&query=saude+mental&rpp=1056&sort_by=score&order=DESC&etal=0&submit_search=Atualizar/> (referer: None)
Traceback (most recent call last):
  File "c:\users\nalberthy\appdata\local\programs\python\python37-32\lib\site-packages\scrapy\utils\defer.py", line 102, in iter_errback
    yield next(it)
  File "c:\users\nalberthy\appdata\local\programs\python\python37-32\lib\site-packages\scrapy\spidermiddlewares\offsite.py", line 29, in process_spider_output
    for x in result:
  File "c:\users\nalberthy\appdata\local\programs\python\python37-32\lib\site-packages\scrapy\spidermiddlewares\referer.py", line 339, in <genexpr>
    return (_set_referer(r) for r in result or ())
  File "c:\users\nalberthy\appdata\local\programs\python\python37-32\lib\site-packages\scrapy\spidermiddlewares\urllength.py", line 37, in <genexpr>
    return (r for r in result or () if _filter(r))
  File "c:\users\nalberthy\appdata\local\programs\python\python37-32\lib\site-packages\scrapy\spidermiddlewares\depth.py", line 58, in <genexpr>
    return (r for r in result or () if _filter(r))
  File "C:\Users\nalberthy\Desktop\Extracao-de-dados-regiao-norte\Regiao_Norte\Regiao_Norte\spiders\spider_UFAM.py", line 22, in parse
    for link in response.css('td[headers = "t2"] a :: attr (href)').extract():
  File "c:\users\nalberthy\appdata\local\programs\python\python37-32\lib\site-packages\scrapy\http\response\text.py", line 122, in css
    return self.selector.css(query)
  File "c:\users\nalberthy\appdata\local\programs\python\python37-32\lib\site-packages\parsel\selector.py", line 262, in css
    return self.xpath(self._css2xpath(query))
  File "c:\users\nalberthy\appdata\local\programs\python\python37-32\lib\site-packages\parsel\selector.py", line 265, in _css2xpath
    return self._csstranslator.css_to_xpath(query)
  File "c:\users\nalberthy\appdata\local\programs\python\python37-32\lib\site-packages\parsel\csstranslator.py", line 109, in css_to_xpath
    return super(HTMLTranslator, self).css_to_xpath(css, prefix)
  File "c:\users\nalberthy\appdata\local\programs\python\python37-32\lib\site-packages\cssselect\xpath.py", line 192, in css_to_xpath
    for selector in parse(css))
  File "c:\users\nalberthy\appdata\local\programs\python\python37-32\lib\site-packages\cssselect\parser.py", line 355, in parse
    return list(parse_selector_group(stream))
  File "c:\users\nalberthy\appdata\local\programs\python\python37-32\lib\site-packages\cssselect\parser.py", line 368, in parse_selector_group
    yield Selector(*parse_selector(stream))
  File "c:\users\nalberthy\appdata\local\programs\python\python37-32\lib\site-packages\cssselect\parser.py", line 394, in parse_selector
    next_selector, pseudo_element = parse_simple_selector(stream)
  File "c:\users\nalberthy\appdata\local\programs\python\python37-32\lib\site-packages\cssselect\parser.py", line 440, in parse_simple_selector
    pseudo_element = stream.next_ident()
  File "c:\users\nalberthy\appdata\local\programs\python\python37-32\lib\site-packages\cssselect\parser.py", line 743, in next_ident
    raise SelectorSyntaxError('Expected ident, got %s' % (next,))
  File "<string>", line None
cssselect.parser.SelectorSyntaxError: Expected ident, got <S ' ' at 23>
2019-04-26 23:20:25 [scrapy.core.engine] INFO: Closing spider (finished)
2019-04-26 23:20:25 [scrapy.statscollectors] INFO: Dumping Scrapy stats:
{'downloader/request_bytes': 322,
 'downloader/request_count': 1,
 'downloader/request_method_count/GET': 1,
 'downloader/response_bytes': 107860,
 'downloader/response_count': 1,
 'downloader/response_status_count/200': 1,
 'finish_reason': 'finished',
 'finish_time': datetime.datetime(2019, 4, 27, 2, 20, 25, 944069),
 'log_count/DEBUG': 1,
 'log_count/ERROR': 1,
 'log_count/INFO': 9,
 'log_count/WARNING': 1,
 'response_received_count': 1,
 'scheduler/dequeued': 1,
 'scheduler/dequeued/disk': 1,
 'scheduler/enqueued': 1,
 'scheduler/enqueued/disk': 1,
 'spider_exceptions/SelectorSyntaxError': 1,
 'start_time': datetime.datetime(2019, 4, 27, 2, 20, 21, 297188)}
2019-04-26 23:20:25 [scrapy.core.engine] INFO: Spider closed (finished)
